[www.abc.cl/freidora-de-aire-digital-oster-40wddf-4-lts/28127553.html]
[www.abc.cl/on/demandware.static/Sites-Abc-Site/-/es_CL/v1775161906281/lib/js/picturefill.min.js]
[www.abc.cl/on/demandware.static/Sites-Abc-Site/-/es_CL/v1775161906281/js/main.js]
[www.abc.cl/on/demandware.static/Sites-Abc-Site/-/es_CL/v1775161906281/lib/js/jRespond.min.js]
[www.abc.cl/on/demandware.static/Sites-Abc-Site/-/es_CL/v1775161906281/lib/js/lazysizes.min.js]
[www.abc.cl/on/demandware.static/Sites-Abc-Site/-/es_CL/v1775161906281/lib/js/jquery.zoom.min.js]
[www.abc.cl/on/demandware.static/Sites-Abc-Site/-/es_CL/v1775161906281/lib/js/jsencrypt.min.js]
[www.abc.cl/on/demandware.static/Sites-Abc-Site/-/es_CL/v1775161906281/js/productDetail.js]
[backblue.gif]
[fade.gif]
[index.html]
[www.abc.cl/on/demandware.static/Sites-Abc-Site/-/es_CL/v1775161906281/js/installmentCalculator.js]
[515014059.collect.igodigital.com/collect.js]
[www.abc.cl/on/demandware.static/Sites-Abc-Site/-/default/dwfb646aec/images/favicons/favicon_96x96.png]
[www.abc.cl/on/demandware.static/Sites-Abc-Site/-/default/dw01eabe77/images/favicons/favicon_48x48.png]
[www.abc.cl/on/demandware.static/Sites-Abc-Site/-/default/dwd2ac2e32/images/favicons/favicon_32x32.png]
[www.abc.cl/on/demandware.static/Sites-Abc-Site/-/es_CL/v1775161906281/css/globalLP.css]
[www.abc.cl/on/demandware.static/Sites-Abc-Site/-/es_CL/v1775161906281/css/storeLocator.css]
[www.abc.cl/on/demandware.static/Sites-Abc-Site/-/es_CL/v1775161906281/css/product/detail.css]
[www.abc.cl/on/demandware.static/Sites-Abc-Site/-/es_CL/v1775161906281/js/gtm.js]
[www.abc.cl/on/demandware.static/-/Library-Sites-abc-shared-library/default/dwf0daa549/abc/images/2025/noviembre/26/top-10o18-cuotas-black.gif]
[www.abc.cl/freidora-de-aire-digital-oster-40wddf-4-lts/_https_/www.abc.cl/reciclaje-cic.html_]
[www.abc.cl/on/demandware.static/-/Library-Sites-abc-shared-library/default/dw9da6335e/abc/etiquetas/2025/abc-etiqueta-10-18c-250627.png]
[www.abc.cl/dw/image/v2/BCPP_PRD/on/demandware.static/-/Sites-master-catalog/default/dw97eee36c/images/large/281275535933.jpg]
[www.abc.cl/dw/image/v2/BCPP_PRD/on/demandware.static/-/Sites-master-catalog/default/dwd162e6ed/images/large/1CC281275535933.jpg]
[www.abc.cl/dw/image/v2/BCPP_PRD/on/demandware.static/-/Sites-master-catalog/default/dwd6f66894/images/large/2CC281275535933.jpg]
[www.abc.cl/dw/image/v2/BCPP_PRD/on/demandware.static/-/Sites-master-catalog/default/dw0d93237f/images/large/3CC281275535933.jpg]
[www.abc.cl/dw/image/v2/BCPP_PRD/on/demandware.static/-/Sites-master-catalog/default/dw659232fe/images/large/4CC281275535933.jpg]
[www.abc.cl/dw/image/v2/BCPP_PRD/on/demandware.static/-/Sites-master-catalog/default/dw366e2e7b/images/large/5CC281275535933.jpg]
[www.abc.cl/dw/image/v2/BCPP_PRD/on/demandware.static/-/Sites-master-catalog/default/dwfb646a89/images/large/6CC281275535933.jpg]
[www.abc.cl/dw/image/v2/BCPP_PRD/on/demandware.static/-/Sites-master-catalog/default/dwd27200e4/images/large/7CC281275535933.jpg]
[www.abc.cl/dw/image/v2/BCPP_PRD/on/demandware.static/-/Sites-master-catalog/default/dw97eee36c/images/large/28127553e1ca.jpg]
[www.abc.cl/dw/image/v2/BCPP_PRD/on/demandware.static/-/Sites-master-catalog/default/dwd162e6ed/images/large/1CC28127553e1ca.jpg]
[www.abc.cl/dw/image/v2/BCPP_PRD/on/demandware.static/-/Sites-master-catalog/default/dwd6f66894/images/large/2CC28127553e1ca.jpg]
[www.abc.cl/dw/image/v2/BCPP_PRD/on/demandware.static/-/Sites-master-catalog/default/dw0d93237f/images/large/3CC28127553e1ca.jpg]
[www.abc.cl/dw/image/v2/BCPP_PRD/on/demandware.static/-/Sites-master-catalog/default/dw659232fe/images/large/4CC28127553e1ca.jpg]
[www.abc.cl/dw/image/v2/BCPP_PRD/on/demandware.static/-/Sites-master-catalog/default/dw366e2e7b/images/large/5CC28127553e1ca.jpg]
[www.abc.cl/dw/image/v2/BCPP_PRD/on/demandware.static/-/Sites-master-catalog/default/dwfb646a89/images/large/6CC28127553e1ca.jpg]
[www.abc.cl/dw/image/v2/BCPP_PRD/on/demandware.static/-/Sites-master-catalog/default/dwd27200e4/images/large/7CC28127553e1ca.jpg]
[www.abc.cl/on/demandware.static/-/Library-Sites-abc-shared-library/default/dw603f77d6/images/icons/ofex-logo.png]
[www.abc.cl/on/demandware.static/-/Library-Sites-abc-shared-library/default/dw66fd263b/images/icons/tarjeta-abc.png]
[www.abc.cl/freidora-de-aire-digital-oster-40wddf-4-lts/POST]
[storage.googleapis.com/indexado/assets/alquimioIndexado.v2.js]
[ui.powerreviews.com/stable/4.0/ui.js]
[lapolartarjeta.my.site.com/ESWAgentforce1762278470012/assets/js/bootstrap.min.js]
[www.abc.cl/on/demandware.static/Sites-Abc-Site/-/es_CL/v1775161906281/js/powerreviews.js]
[www.abc.cl/on/demandware.static/Sites-Abc-Site/-/es_CL/v1775161906281/internal/jscript/dwanalytics-22.2.js]
[www.abc.cl/on/demandware.static/Sites-Abc-Site/-/es_CL/v1775161906281/internal/jscript/dwac-21.7.js]
[www.abc.cl/freidora-de-aire-digital-oster-40wddf-4-lts/28127553.html]
[www.abc.cl/on/demandware.static/Sites-Abc-Site/-/es_CL/v1775161906281/css/globalLP.css]
[www.abc.cl/on/demandware.static/Sites-Abc-Site/-/es_CL/v1775161906281/css/storeLocator.css]
[www.abc.cl/on/demandware.static/Sites-Abc-Site/-/es_CL/v1775161906281/css/product/detail.css]
[www.googletagmanager.com/gtm5445.html]
[www.abc.cl/freidora-de-aire-digital-oster-40wddf-4-lts/_https_/www.abc.cl/reciclaje-cic.html]
[www.abc.cl/freidora-de-aire-digital-oster-40wddf-4-lts/POST.html]
[cdn.cquotient.com/js/v2/gretel.min.js]
